The system is: Linux - 3.2.0-4-amd64 - x86_64
Compiling the C compiler identification source file "CMakeCCompilerId.c" succeeded.
Compiler: /usr/bin/gcc 
Build flags: 
Id flags: 

The output was:
0


Compilation of the C compiler identification source "CMakeCCompilerId.c" produced "a.out"

The C compiler identification is GNU, found in "/auto/x/xuazhang/2A/IN203/TP-n-4/freeglut-3.0.0/CMakeFiles/CompilerIdC/a.out"

Compiling the CXX compiler identification source file "CMakeCXXCompilerId.cpp" succeeded.
Compiler: /usr/bin/c++ 
Build flags: 
Id flags: 

The output was:
0


Compilation of the CXX compiler identification source "CMakeCXXCompilerId.cpp" produced "a.out"

The CXX compiler identification is GNU, found in "/auto/x/xuazhang/2A/IN203/TP-n-4/freeglut-3.0.0/CMakeFiles/CompilerIdCXX/a.out"

Determining if the C compiler works passed with the following output:
Change Dir: /auto/x/xuazhang/2A/IN203/TP-n-4/freeglut-3.0.0/CMakeFiles/CMakeTmp

Run Build Command:/usr/bin/make "cmTryCompileExec2750673977/fast"
/usr/bin/make -f CMakeFiles/cmTryCompileExec2750673977.dir/build.make CMakeFiles/cmTryCompileExec2750673977.dir/build
make[1]: entrant dans le répertoire « /auto/x/xuazhang/2A/IN203/TP-n-4/freeglut-3.0.0/CMakeFiles/CMakeTmp »
/usr/bin/cmake -E cmake_progress_report /auto/x/xuazhang/2A/IN203/TP-n-4/freeglut-3.0.0/CMakeFiles/CMakeTmp/CMakeFiles 1
Building C object CMakeFiles/cmTryCompileExec2750673977.dir/testCCompiler.c.o
/usr/bin/gcc    -o CMakeFiles/cmTryCompileExec2750673977.dir/testCCompiler.c.o   -c /auto/x/xuazhang/2A/IN203/TP-n-4/freeglut-3.0.0/CMakeFiles/CMakeTmp/testCCompiler.c
Linking C executable cmTryCompileExec2750673977
/usr/bin/cmake -E cmake_link_script CMakeFiles/cmTryCompileExec2750673977.dir/link.txt --verbose=1
/usr/bin/gcc         CMakeFiles/cmTryCompileExec2750673977.dir/testCCompiler.c.o  -o cmTryCompileExec2750673977 -rdynamic 
make[1]: quittant le répertoire « /auto/x/xuazhang/2A/IN203/TP-n-4/freeglut-3.0.0/CMakeFiles/CMakeTmp »


Detecting C compiler ABI info compiled with the following output:
Change Dir: /auto/x/xuazhang/2A/IN203/TP-n-4/freeglut-3.0.0/CMakeFiles/CMakeTmp

Run Build Command:/usr/bin/make "cmTryCompileExec708783143/fast"
/usr/bin/make -f CMakeFiles/cmTryCompileExec708783143.dir/build.make CMakeFiles/cmTryCompileExec708783143.dir/build
make[1]: entrant dans le répertoire « /auto/x/xuazhang/2A/IN203/TP-n-4/freeglut-3.0.0/CMakeFiles/CMakeTmp »
/usr/bin/cmake -E cmake_progress_report /auto/x/xuazhang/2A/IN203/TP-n-4/freeglut-3.0.0/CMakeFiles/CMakeTmp/CMakeFiles 1
Building C object CMakeFiles/cmTryCompileExec708783143.dir/CMakeCCompilerABI.c.o
/usr/bin/gcc    -o CMakeFiles/cmTryCompileExec708783143.dir/CMakeCCompilerABI.c.o   -c /usr/share/cmake-2.8/Modules/CMakeCCompilerABI.c
Linking C executable cmTryCompileExec708783143
/usr/bin/cmake -E cmake_link_script CMakeFiles/cmTryCompileExec708783143.dir/link.txt --verbose=1
/usr/bin/gcc       -v CMakeFiles/cmTryCompileExec708783143.dir/CMakeCCompilerABI.c.o  -o cmTryCompileExec708783143 -rdynamic  
Using built-in specs.
COLLECT_GCC=/usr/bin/gcc
COLLECT_LTO_WRAPPER=/usr/lib/gcc/x86_64-linux-gnu/4.7/lto-wrapper
Target: x86_64-linux-gnu
Configured with: ../src/configure -v --with-pkgversion='Debian 4.7.2-5' --with-bugurl=file:///usr/share/doc/gcc-4.7/README.Bugs --enable-languages=c,c++,go,fortran,objc,obj-c++ --prefix=/usr --program-suffix=-4.7 --enable-shared --enable-linker-build-id --with-system-zlib --libexecdir=/usr/lib --without-included-gettext --enable-threads=posix --with-gxx-include-dir=/usr/include/c++/4.7 --libdir=/usr/lib --enable-nls --with-sysroot=/ --enable-clocale=gnu --enable-libstdcxx-debug --enable-libstdcxx-time=yes --enable-gnu-unique-object --enable-plugin --enable-objc-gc --with-arch-32=i586 --with-tune=generic --enable-checking=release --build=x86_64-linux-gnu --host=x86_64-linux-gnu --target=x86_64-linux-gnu
Thread model: posix
gcc version 4.7.2 (Debian 4.7.2-5) 
COMPILER_PATH=/usr/lib/gcc/x86_64-linux-gnu/4.7/:/usr/lib/gcc/x86_64-linux-gnu/4.7/:/usr/lib/gcc/x86_64-linux-gnu/:/usr/lib/gcc/x86_64-linux-gnu/4.7/:/usr/lib/gcc/x86_64-linux-gnu/
LIBRARY_PATH=/usr/lib/gcc/x86_64-linux-gnu/4.7/:/usr/lib/gcc/x86_64-linux-gnu/4.7/../../../x86_64-linux-gnu/:/usr/lib/gcc/x86_64-linux-gnu/4.7/../../../../lib/:/lib/x86_64-linux-gnu/:/lib/../lib/:/usr/lib/x86_64-linux-gnu/:/usr/lib/../lib/:/usr/lib/gcc/x86_64-linux-gnu/4.7/../../../:/lib/:/usr/lib/
COLLECT_GCC_OPTIONS='-v' '-o' 'cmTryCompileExec708783143' '-rdynamic' '-mtune=generic' '-march=x86-64'
 /usr/lib/gcc/x86_64-linux-gnu/4.7/collect2 --sysroot=/ --build-id --no-add-needed --eh-frame-hdr -m elf_x86_64 --hash-style=both -export-dynamic -dynamic-linker /lib64/ld-linux-x86-64.so.2 -o cmTryCompileExec708783143 /usr/lib/gcc/x86_64-linux-gnu/4.7/../../../x86_64-linux-gnu/crt1.o /usr/lib/gcc/x86_64-linux-gnu/4.7/../../../x86_64-linux-gnu/crti.o /usr/lib/gcc/x86_64-linux-gnu/4.7/crtbegin.o -L/usr/lib/gcc/x86_64-linux-gnu/4.7 -L/usr/lib/gcc/x86_64-linux-gnu/4.7/../../../x86_64-linux-gnu -L/usr/lib/gcc/x86_64-linux-gnu/4.7/../../../../lib -L/lib/x86_64-linux-gnu -L/lib/../lib -L/usr/lib/x86_64-linux-gnu -L/usr/lib/../lib -L/usr/lib/gcc/x86_64-linux-gnu/4.7/../../.. CMakeFiles/cmTryCompileExec708783143.dir/CMakeCCompilerABI.c.o -lgcc --as-needed -lgcc_s --no-as-needed -lc -lgcc --as-needed -lgcc_s --no-as-needed /usr/lib/gcc/x86_64-linux-gnu/4.7/crtend.o /usr/lib/gcc/x86_64-linux-gnu/4.7/../../../x86_64-linux-gnu/crtn.o
make[1]: quittant le répertoire « /auto/x/xuazhang/2A/IN203/TP-n-4/freeglut-3.0.0/CMakeFiles/CMakeTmp »


Parsed C implicit link information from above output:
  link line regex: [^( *|.*[/\])(ld|ld|collect2)[^/\]*( |$)]
  ignore line: [Change Dir: /auto/x/xuazhang/2A/IN203/TP-n-4/freeglut-3.0.0/CMakeFiles/CMakeTmp]
  ignore line: []
  ignore line: [Run Build Command:/usr/bin/make "cmTryCompileExec708783143/fast"]
  ignore line: [/usr/bin/make -f CMakeFiles/cmTryCompileExec708783143.dir/build.make CMakeFiles/cmTryCompileExec708783143.dir/build]
  ignore line: [make[1]: entrant dans le répertoire « /auto/x/xuazhang/2A/IN203/TP-n-4/freeglut-3.0.0/CMakeFiles/CMakeTmp »]
  ignore line: [/usr/bin/cmake -E cmake_progress_report /auto/x/xuazhang/2A/IN203/TP-n-4/freeglut-3.0.0/CMakeFiles/CMakeTmp/CMakeFiles 1]
  ignore line: [Building C object CMakeFiles/cmTryCompileExec708783143.dir/CMakeCCompilerABI.c.o]
  ignore line: [/usr/bin/gcc    -o CMakeFiles/cmTryCompileExec708783143.dir/CMakeCCompilerABI.c.o   -c /usr/share/cmake-2.8/Modules/CMakeCCompilerABI.c]
  ignore line: [Linking C executable cmTryCompileExec708783143]
  ignore line: [/usr/bin/cmake -E cmake_link_script CMakeFiles/cmTryCompileExec708783143.dir/link.txt --verbose=1]
  ignore line: [/usr/bin/gcc       -v CMakeFiles/cmTryCompileExec708783143.dir/CMakeCCompilerABI.c.o  -o cmTryCompileExec708783143 -rdynamic  ]
  ignore line: [Using built-in specs.]
  ignore line: [COLLECT_GCC=/usr/bin/gcc]
  ignore line: [COLLECT_LTO_WRAPPER=/usr/lib/gcc/x86_64-linux-gnu/4.7/lto-wrapper]
  ignore line: [Target: x86_64-linux-gnu]
  ignore line: [Configured with: ../src/configure -v --with-pkgversion='Debian 4.7.2-5' --with-bugurl=file:///usr/share/doc/gcc-4.7/README.Bugs --enable-languages=c,c++,go,fortran,objc,obj-c++ --prefix=/usr --program-suffix=-4.7 --enable-shared --enable-linker-build-id --with-system-zlib --libexecdir=/usr/lib --without-included-gettext --enable-threads=posix --with-gxx-include-dir=/usr/include/c++/4.7 --libdir=/usr/lib --enable-nls --with-sysroot=/ --enable-clocale=gnu --enable-libstdcxx-debug --enable-libstdcxx-time=yes --enable-gnu-unique-object --enable-plugin --enable-objc-gc --with-arch-32=i586 --with-tune=generic --enable-checking=release --build=x86_64-linux-gnu --host=x86_64-linux-gnu --target=x86_64-linux-gnu]
  ignore line: [Thread model: posix]
  ignore line: [gcc version 4.7.2 (Debian 4.7.2-5) ]
  ignore line: [COMPILER_PATH=/usr/lib/gcc/x86_64-linux-gnu/4.7/:/usr/lib/gcc/x86_64-linux-gnu/4.7/:/usr/lib/gcc/x86_64-linux-gnu/:/usr/lib/gcc/x86_64-linux-gnu/4.7/:/usr/lib/gcc/x86_64-linux-gnu/]
  ignore line: [LIBRARY_PATH=/usr/lib/gcc/x86_64-linux-gnu/4.7/:/usr/lib/gcc/x86_64-linux-gnu/4.7/../../../x86_64-linux-gnu/:/usr/lib/gcc/x86_64-linux-gnu/4.7/../../../../lib/:/lib/x86_64-linux-gnu/:/lib/../lib/:/usr/lib/x86_64-linux-gnu/:/usr/lib/../lib/:/usr/lib/gcc/x86_64-linux-gnu/4.7/../../../:/lib/:/usr/lib/]
  ignore line: [COLLECT_GCC_OPTIONS='-v' '-o' 'cmTryCompileExec708783143' '-rdynamic' '-mtune=generic' '-march=x86-64']
  link line: [ /usr/lib/gcc/x86_64-linux-gnu/4.7/collect2 --sysroot=/ --build-id --no-add-needed --eh-frame-hdr -m elf_x86_64 --hash-style=both -export-dynamic -dynamic-linker /lib64/ld-linux-x86-64.so.2 -o cmTryCompileExec708783143 /usr/lib/gcc/x86_64-linux-gnu/4.7/../../../x86_64-linux-gnu/crt1.o /usr/lib/gcc/x86_64-linux-gnu/4.7/../../../x86_64-linux-gnu/crti.o /usr/lib/gcc/x86_64-linux-gnu/4.7/crtbegin.o -L/usr/lib/gcc/x86_64-linux-gnu/4.7 -L/usr/lib/gcc/x86_64-linux-gnu/4.7/../../../x86_64-linux-gnu -L/usr/lib/gcc/x86_64-linux-gnu/4.7/../../../../lib -L/lib/x86_64-linux-gnu -L/lib/../lib -L/usr/lib/x86_64-linux-gnu -L/usr/lib/../lib -L/usr/lib/gcc/x86_64-linux-gnu/4.7/../../.. CMakeFiles/cmTryCompileExec708783143.dir/CMakeCCompilerABI.c.o -lgcc --as-needed -lgcc_s --no-as-needed -lc -lgcc --as-needed -lgcc_s --no-as-needed /usr/lib/gcc/x86_64-linux-gnu/4.7/crtend.o /usr/lib/gcc/x86_64-linux-gnu/4.7/../../../x86_64-linux-gnu/crtn.o]
    arg [/usr/lib/gcc/x86_64-linux-gnu/4.7/collect2] ==> ignore
    arg [--sysroot=/] ==> ignore
    arg [--build-id] ==> ignore
    arg [--no-add-needed] ==> ignore
    arg [--eh-frame-hdr] ==> ignore
    arg [-m] ==> ignore
    arg [elf_x86_64] ==> ignore
    arg [--hash-style=both] ==> ignore
    arg [-export-dynamic] ==> ignore
    arg [-dynamic-linker] ==> ignore
    arg [/lib64/ld-linux-x86-64.so.2] ==> ignore
    arg [-o] ==> ignore
    arg [cmTryCompileExec708783143] ==> ignore
    arg [/usr/lib/gcc/x86_64-linux-gnu/4.7/../../../x86_64-linux-gnu/crt1.o] ==> ignore
    arg [/usr/lib/gcc/x86_64-linux-gnu/4.7/../../../x86_64-linux-gnu/crti.o] ==> ignore
    arg [/usr/lib/gcc/x86_64-linux-gnu/4.7/crtbegin.o] ==> ignore
    arg [-L/usr/lib/gcc/x86_64-linux-gnu/4.7] ==> dir [/usr/lib/gcc/x86_64-linux-gnu/4.7]
    arg [-L/usr/lib/gcc/x86_64-linux-gnu/4.7/../../../x86_64-linux-gnu] ==> dir [/usr/lib/gcc/x86_64-linux-gnu/4.7/../../../x86_64-linux-gnu]
    arg [-L/usr/lib/gcc/x86_64-linux-gnu/4.7/../../../../lib] ==> dir [/usr/lib/gcc/x86_64-linux-gnu/4.7/../../../../lib]
    arg [-L/lib/x86_64-linux-gnu] ==> dir [/lib/x86_64-linux-gnu]
    arg [-L/lib/../lib] ==> dir [/lib/../lib]
    arg [-L/usr/lib/x86_64-linux-gnu] ==> dir [/usr/lib/x86_64-linux-gnu]
    arg [-L/usr/lib/../lib] ==> dir [/usr/lib/../lib]
    arg [-L/usr/lib/gcc/x86_64-linux-gnu/4.7/../../..] ==> dir [/usr/lib/gcc/x86_64-linux-gnu/4.7/../../..]
    arg [CMakeFiles/cmTryCompileExec708783143.dir/CMakeCCompilerABI.c.o] ==> ignore
    arg [-lgcc] ==> lib [gcc]
    arg [--as-needed] ==> ignore
    arg [-lgcc_s] ==> lib [gcc_s]
    arg [--no-as-needed] ==> ignore
    arg [-lc] ==> lib [c]
    arg [-lgcc] ==> lib [gcc]
    arg [--as-needed] ==> ignore
    arg [-lgcc_s] ==> lib [gcc_s]
    arg [--no-as-needed] ==> ignore
    arg [/usr/lib/gcc/x86_64-linux-gnu/4.7/crtend.o] ==> ignore
    arg [/usr/lib/gcc/x86_64-linux-gnu/4.7/../../../x86_64-linux-gnu/crtn.o] ==> ignore
  remove lib [gcc]
  remove lib [gcc_s]
  remove lib [gcc]
  remove lib [gcc_s]
  collapse dir [/usr/lib/gcc/x86_64-linux-gnu/4.7] ==> [/usr/lib/gcc/x86_64-linux-gnu/4.7]
  collapse dir [/usr/lib/gcc/x86_64-linux-gnu/4.7/../../../x86_64-linux-gnu] ==> [/usr/lib/x86_64-linux-gnu]
  collapse dir [/usr/lib/gcc/x86_64-linux-gnu/4.7/../../../../lib] ==> [/usr/lib]
  collapse dir [/lib/x86_64-linux-gnu] ==> [/lib/x86_64-linux-gnu]
  collapse dir [/lib/../lib] ==> [/lib]
  collapse dir [/usr/lib/x86_64-linux-gnu] ==> [/usr/lib/x86_64-linux-gnu]
  collapse dir [/usr/lib/../lib] ==> [/usr/lib]
  collapse dir [/usr/lib/gcc/x86_64-linux-gnu/4.7/../../..] ==> [/usr/lib]
  implicit libs: [c]
  implicit dirs: [/usr/lib/gcc/x86_64-linux-gnu/4.7;/usr/lib/x86_64-linux-gnu;/usr/lib;/lib/x86_64-linux-gnu;/lib]


Determining if the CXX compiler works passed with the following output:
Change Dir: /auto/x/xuazhang/2A/IN203/TP-n-4/freeglut-3.0.0/CMakeFiles/CMakeTmp

Run Build Command:/usr/bin/make "cmTryCompileExec4029624676/fast"
/usr/bin/make -f CMakeFiles/cmTryCompileExec4029624676.dir/build.make CMakeFiles/cmTryCompileExec4029624676.dir/build
make[1]: entrant dans le répertoire « /auto/x/xuazhang/2A/IN203/TP-n-4/freeglut-3.0.0/CMakeFiles/CMakeTmp »
/usr/bin/cmake -E cmake_progress_report /auto/x/xuazhang/2A/IN203/TP-n-4/freeglut-3.0.0/CMakeFiles/CMakeTmp/CMakeFiles 1
Building CXX object CMakeFiles/cmTryCompileExec4029624676.dir/testCXXCompiler.cxx.o
/usr/bin/c++     -o CMakeFiles/cmTryCompileExec4029624676.dir/testCXXCompiler.cxx.o -c /auto/x/xuazhang/2A/IN203/TP-n-4/freeglut-3.0.0/CMakeFiles/CMakeTmp/testCXXCompiler.cxx
Linking CXX executable cmTryCompileExec4029624676
/usr/bin/cmake -E cmake_link_script CMakeFiles/cmTryCompileExec4029624676.dir/link.txt --verbose=1
/usr/bin/c++          CMakeFiles/cmTryCompileExec4029624676.dir/testCXXCompiler.cxx.o  -o cmTryCompileExec4029624676 -rdynamic 
make[1]: quittant le répertoire « /auto/x/xuazhang/2A/IN203/TP-n-4/freeglut-3.0.0/CMakeFiles/CMakeTmp »


Detecting CXX compiler ABI info compiled with the following output:
Change Dir: /auto/x/xuazhang/2A/IN203/TP-n-4/freeglut-3.0.0/CMakeFiles/CMakeTmp

Run Build Command:/usr/bin/make "cmTryCompileExec1058929849/fast"
/usr/bin/make -f CMakeFiles/cmTryCompileExec1058929849.dir/build.make CMakeFiles/cmTryCompileExec1058929849.dir/build
make[1]: entrant dans le répertoire « /auto/x/xuazhang/2A/IN203/TP-n-4/freeglut-3.0.0/CMakeFiles/CMakeTmp »
/usr/bin/cmake -E cmake_progress_report /auto/x/xuazhang/2A/IN203/TP-n-4/freeglut-3.0.0/CMakeFiles/CMakeTmp/CMakeFiles 1
Building CXX object CMakeFiles/cmTryCompileExec1058929849.dir/CMakeCXXCompilerABI.cpp.o
/usr/bin/c++     -o CMakeFiles/cmTryCompileExec1058929849.dir/CMakeCXXCompilerABI.cpp.o -c /usr/share/cmake-2.8/Modules/CMakeCXXCompilerABI.cpp
Linking CXX executable cmTryCompileExec1058929849
/usr/bin/cmake -E cmake_link_script CMakeFiles/cmTryCompileExec1058929849.dir/link.txt --verbose=1
/usr/bin/c++        -v CMakeFiles/cmTryCompileExec1058929849.dir/CMakeCXXCompilerABI.cpp.o  -o cmTryCompileExec1058929849 -rdynamic  
Using built-in specs.
COLLECT_GCC=/usr/bin/c++
COLLECT_LTO_WRAPPER=/usr/lib/gcc/x86_64-linux-gnu/4.7/lto-wrapper
Target: x86_64-linux-gnu
Configured with: ../src/configure -v --with-pkgversion='Debian 4.7.2-5' --with-bugurl=file:///usr/share/doc/gcc-4.7/README.Bugs --enable-languages=c,c++,go,fortran,objc,obj-c++ --prefix=/usr --program-suffix=-4.7 --enable-shared --enable-linker-build-id --with-system-zlib --libexecdir=/usr/lib --without-included-gettext --enable-threads=posix --with-gxx-include-dir=/usr/include/c++/4.7 --libdir=/usr/lib --enable-nls --with-sysroot=/ --enable-clocale=gnu --enable-libstdcxx-debug --enable-libstdcxx-time=yes --enable-gnu-unique-object --enable-plugin --enable-objc-gc --with-arch-32=i586 --with-tune=generic --enable-checking=release --build=x86_64-linux-gnu --host=x86_64-linux-gnu --target=x86_64-linux-gnu
Thread model: posix
gcc version 4.7.2 (Debian 4.7.2-5) 
COMPILER_PATH=/usr/lib/gcc/x86_64-linux-gnu/4.7/:/usr/lib/gcc/x86_64-linux-gnu/4.7/:/usr/lib/gcc/x86_64-linux-gnu/:/usr/lib/gcc/x86_64-linux-gnu/4.7/:/usr/lib/gcc/x86_64-linux-gnu/
LIBRARY_PATH=/usr/lib/gcc/x86_64-linux-gnu/4.7/:/usr/lib/gcc/x86_64-linux-gnu/4.7/../../../x86_64-linux-gnu/:/usr/lib/gcc/x86_64-linux-gnu/4.7/../../../../lib/:/lib/x86_64-linux-gnu/:/lib/../lib/:/usr/lib/x86_64-linux-gnu/:/usr/lib/../lib/:/usr/lib/gcc/x86_64-linux-gnu/4.7/../../../:/lib/:/usr/lib/
COLLECT_GCC_OPTIONS='-v' '-o' 'cmTryCompileExec1058929849' '-rdynamic' '-shared-libgcc' '-mtune=generic' '-march=x86-64'
 /usr/lib/gcc/x86_64-linux-gnu/4.7/collect2 --sysroot=/ --build-id --no-add-needed --eh-frame-hdr -m elf_x86_64 --hash-style=both -export-dynamic -dynamic-linker /lib64/ld-linux-x86-64.so.2 -o cmTryCompileExec1058929849 /usr/lib/gcc/x86_64-linux-gnu/4.7/../../../x86_64-linux-gnu/crt1.o /usr/lib/gcc/x86_64-linux-gnu/4.7/../../../x86_64-linux-gnu/crti.o /usr/lib/gcc/x86_64-linux-gnu/4.7/crtbegin.o -L/usr/lib/gcc/x86_64-linux-gnu/4.7 -L/usr/lib/gcc/x86_64-linux-gnu/4.7/../../../x86_64-linux-gnu -L/usr/lib/gcc/x86_64-linux-gnu/4.7/../../../../lib -L/lib/x86_64-linux-gnu -L/lib/../lib -L/usr/lib/x86_64-linux-gnu -L/usr/lib/../lib -L/usr/lib/gcc/x86_64-linux-gnu/4.7/../../.. CMakeFiles/cmTryCompileExec1058929849.dir/CMakeCXXCompilerABI.cpp.o -lstdc++ -lm -lgcc_s -lgcc -lc -lgcc_s -lgcc /usr/lib/gcc/x86_64-linux-gnu/4.7/crtend.o /usr/lib/gcc/x86_64-linux-gnu/4.7/../../../x86_64-linux-gnu/crtn.o
make[1]: quittant le répertoire « /auto/x/xuazhang/2A/IN203/TP-n-4/freeglut-3.0.0/CMakeFiles/CMakeTmp »


Parsed CXX implicit link information from above output:
  link line regex: [^( *|.*[/\])(ld|ld|collect2)[^/\]*( |$)]
  ignore line: [Change Dir: /auto/x/xuazhang/2A/IN203/TP-n-4/freeglut-3.0.0/CMakeFiles/CMakeTmp]
  ignore line: []
  ignore line: [Run Build Command:/usr/bin/make "cmTryCompileExec1058929849/fast"]
  ignore line: [/usr/bin/make -f CMakeFiles/cmTryCompileExec1058929849.dir/build.make CMakeFiles/cmTryCompileExec1058929849.dir/build]
  ignore line: [make[1]: entrant dans le répertoire « /auto/x/xuazhang/2A/IN203/TP-n-4/freeglut-3.0.0/CMakeFiles/CMakeTmp »]
  ignore line: [/usr/bin/cmake -E cmake_progress_report /auto/x/xuazhang/2A/IN203/TP-n-4/freeglut-3.0.0/CMakeFiles/CMakeTmp/CMakeFiles 1]
  ignore line: [Building CXX object CMakeFiles/cmTryCompileExec1058929849.dir/CMakeCXXCompilerABI.cpp.o]
  ignore line: [/usr/bin/c++     -o CMakeFiles/cmTryCompileExec1058929849.dir/CMakeCXXCompilerABI.cpp.o -c /usr/share/cmake-2.8/Modules/CMakeCXXCompilerABI.cpp]
  ignore line: [Linking CXX executable cmTryCompileExec1058929849]
  ignore line: [/usr/bin/cmake -E cmake_link_script CMakeFiles/cmTryCompileExec1058929849.dir/link.txt --verbose=1]
  ignore line: [/usr/bin/c++        -v CMakeFiles/cmTryCompileExec1058929849.dir/CMakeCXXCompilerABI.cpp.o  -o cmTryCompileExec1058929849 -rdynamic  ]
  ignore line: [Using built-in specs.]
  ignore line: [COLLECT_GCC=/usr/bin/c++]
  ignore line: [COLLECT_LTO_WRAPPER=/usr/lib/gcc/x86_64-linux-gnu/4.7/lto-wrapper]
  ignore line: [Target: x86_64-linux-gnu]
  ignore line: [Configured with: ../src/configure -v --with-pkgversion='Debian 4.7.2-5' --with-bugurl=file:///usr/share/doc/gcc-4.7/README.Bugs --enable-languages=c,c++,go,fortran,objc,obj-c++ --prefix=/usr --program-suffix=-4.7 --enable-shared --enable-linker-build-id --with-system-zlib --libexecdir=/usr/lib --without-included-gettext --enable-threads=posix --with-gxx-include-dir=/usr/include/c++/4.7 --libdir=/usr/lib --enable-nls --with-sysroot=/ --enable-clocale=gnu --enable-libstdcxx-debug --enable-libstdcxx-time=yes --enable-gnu-unique-object --enable-plugin --enable-objc-gc --with-arch-32=i586 --with-tune=generic --enable-checking=release --build=x86_64-linux-gnu --host=x86_64-linux-gnu --target=x86_64-linux-gnu]
  ignore line: [Thread model: posix]
  ignore line: [gcc version 4.7.2 (Debian 4.7.2-5) ]
  ignore line: [COMPILER_PATH=/usr/lib/gcc/x86_64-linux-gnu/4.7/:/usr/lib/gcc/x86_64-linux-gnu/4.7/:/usr/lib/gcc/x86_64-linux-gnu/:/usr/lib/gcc/x86_64-linux-gnu/4.7/:/usr/lib/gcc/x86_64-linux-gnu/]
  ignore line: [LIBRARY_PATH=/usr/lib/gcc/x86_64-linux-gnu/4.7/:/usr/lib/gcc/x86_64-linux-gnu/4.7/../../../x86_64-linux-gnu/:/usr/lib/gcc/x86_64-linux-gnu/4.7/../../../../lib/:/lib/x86_64-linux-gnu/:/lib/../lib/:/usr/lib/x86_64-linux-gnu/:/usr/lib/../lib/:/usr/lib/gcc/x86_64-linux-gnu/4.7/../../../:/lib/:/usr/lib/]
  ignore line: [COLLECT_GCC_OPTIONS='-v' '-o' 'cmTryCompileExec1058929849' '-rdynamic' '-shared-libgcc' '-mtune=generic' '-march=x86-64']
  link line: [ /usr/lib/gcc/x86_64-linux-gnu/4.7/collect2 --sysroot=/ --build-id --no-add-needed --eh-frame-hdr -m elf_x86_64 --hash-style=both -export-dynamic -dynamic-linker /lib64/ld-linux-x86-64.so.2 -o cmTryCompileExec1058929849 /usr/lib/gcc/x86_64-linux-gnu/4.7/../../../x86_64-linux-gnu/crt1.o /usr/lib/gcc/x86_64-linux-gnu/4.7/../../../x86_64-linux-gnu/crti.o /usr/lib/gcc/x86_64-linux-gnu/4.7/crtbegin.o -L/usr/lib/gcc/x86_64-linux-gnu/4.7 -L/usr/lib/gcc/x86_64-linux-gnu/4.7/../../../x86_64-linux-gnu -L/usr/lib/gcc/x86_64-linux-gnu/4.7/../../../../lib -L/lib/x86_64-linux-gnu -L/lib/../lib -L/usr/lib/x86_64-linux-gnu -L/usr/lib/../lib -L/usr/lib/gcc/x86_64-linux-gnu/4.7/../../.. CMakeFiles/cmTryCompileExec1058929849.dir/CMakeCXXCompilerABI.cpp.o -lstdc++ -lm -lgcc_s -lgcc -lc -lgcc_s -lgcc /usr/lib/gcc/x86_64-linux-gnu/4.7/crtend.o /usr/lib/gcc/x86_64-linux-gnu/4.7/../../../x86_64-linux-gnu/crtn.o]
    arg [/usr/lib/gcc/x86_64-linux-gnu/4.7/collect2] ==> ignore
    arg [--sysroot=/] ==> ignore
    arg [--build-id] ==> ignore
    arg [--no-add-needed] ==> ignore
    arg [--eh-frame-hdr] ==> ignore
    arg [-m] ==> ignore
    arg [elf_x86_64] ==> ignore
    arg [--hash-style=both] ==> ignore
    arg [-export-dynamic] ==> ignore
    arg [-dynamic-linker] ==> ignore
    arg [/lib64/ld-linux-x86-64.so.2] ==> ignore
    arg [-o] ==> ignore
    arg [cmTryCompileExec1058929849] ==> ignore
    arg [/usr/lib/gcc/x86_64-linux-gnu/4.7/../../../x86_64-linux-gnu/crt1.o] ==> ignore
    arg [/usr/lib/gcc/x86_64-linux-gnu/4.7/../../../x86_64-linux-gnu/crti.o] ==> ignore
    arg [/usr/lib/gcc/x86_64-linux-gnu/4.7/crtbegin.o] ==> ignore
    arg [-L/usr/lib/gcc/x86_64-linux-gnu/4.7] ==> dir [/usr/lib/gcc/x86_64-linux-gnu/4.7]
    arg [-L/usr/lib/gcc/x86_64-linux-gnu/4.7/../../../x86_64-linux-gnu] ==> dir [/usr/lib/gcc/x86_64-linux-gnu/4.7/../../../x86_64-linux-gnu]
    arg [-L/usr/lib/gcc/x86_64-linux-gnu/4.7/../../../../lib] ==> dir [/usr/lib/gcc/x86_64-linux-gnu/4.7/../../../../lib]
    arg [-L/lib/x86_64-linux-gnu] ==> dir [/lib/x86_64-linux-gnu]
    arg [-L/lib/../lib] ==> dir [/lib/../lib]
    arg [-L/usr/lib/x86_64-linux-gnu] ==> dir [/usr/lib/x86_64-linux-gnu]
    arg [-L/usr/lib/../lib] ==> dir [/usr/lib/../lib]
    arg [-L/usr/lib/gcc/x86_64-linux-gnu/4.7/../../..] ==> dir [/usr/lib/gcc/x86_64-linux-gnu/4.7/../../..]
    arg [CMakeFiles/cmTryCompileExec1058929849.dir/CMakeCXXCompilerABI.cpp.o] ==> ignore
    arg [-lstdc++] ==> lib [stdc++]
    arg [-lm] ==> lib [m]
    arg [-lgcc_s] ==> lib [gcc_s]
    arg [-lgcc] ==> lib [gcc]
    arg [-lc] ==> lib [c]
    arg [-lgcc_s] ==> lib [gcc_s]
    arg [-lgcc] ==> lib [gcc]
    arg [/usr/lib/gcc/x86_64-linux-gnu/4.7/crtend.o] ==> ignore
    arg [/usr/lib/gcc/x86_64-linux-gnu/4.7/../../../x86_64-linux-gnu/crtn.o] ==> ignore
  remove lib [gcc_s]
  remove lib [gcc]
  remove lib [gcc_s]
  remove lib [gcc]
  collapse dir [/usr/lib/gcc/x86_64-linux-gnu/4.7] ==> [/usr/lib/gcc/x86_64-linux-gnu/4.7]
  collapse dir [/usr/lib/gcc/x86_64-linux-gnu/4.7/../../../x86_64-linux-gnu] ==> [/usr/lib/x86_64-linux-gnu]
  collapse dir [/usr/lib/gcc/x86_64-linux-gnu/4.7/../../../../lib] ==> [/usr/lib]
  collapse dir [/lib/x86_64-linux-gnu] ==> [/lib/x86_64-linux-gnu]
  collapse dir [/lib/../lib] ==> [/lib]
  collapse dir [/usr/lib/x86_64-linux-gnu] ==> [/usr/lib/x86_64-linux-gnu]
  collapse dir [/usr/lib/../lib] ==> [/usr/lib]
  collapse dir [/usr/lib/gcc/x86_64-linux-gnu/4.7/../../..] ==> [/usr/lib]
  implicit libs: [stdc++;m;c]
  implicit dirs: [/usr/lib/gcc/x86_64-linux-gnu/4.7;/usr/lib/x86_64-linux-gnu;/usr/lib;/lib/x86_64-linux-gnu;/lib]


Determining if the function XOpenDisplay exists in the /usr/lib/x86_64-linux-gnu/libX11.so;/usr/lib/x86_64-linux-gnu/libXext.so passed with the following output:
Change Dir: /auto/x/xuazhang/2A/IN203/TP-n-4/freeglut-3.0.0/CMakeFiles/CMakeTmp

Run Build Command:/usr/bin/make "cmTryCompileExec3206517134/fast"
/usr/bin/make -f CMakeFiles/cmTryCompileExec3206517134.dir/build.make CMakeFiles/cmTryCompileExec3206517134.dir/build
make[1]: entrant dans le répertoire « /auto/x/xuazhang/2A/IN203/TP-n-4/freeglut-3.0.0/CMakeFiles/CMakeTmp »
/usr/bin/cmake -E cmake_progress_report /auto/x/xuazhang/2A/IN203/TP-n-4/freeglut-3.0.0/CMakeFiles/CMakeTmp/CMakeFiles 1
Building C object CMakeFiles/cmTryCompileExec3206517134.dir/CheckFunctionExists.c.o
/usr/bin/gcc   -DCHECK_FUNCTION_EXISTS=XOpenDisplay   -o CMakeFiles/cmTryCompileExec3206517134.dir/CheckFunctionExists.c.o   -c /usr/share/cmake-2.8/Modules/CheckFunctionExists.c
Linking C executable cmTryCompileExec3206517134
/usr/bin/cmake -E cmake_link_script CMakeFiles/cmTryCompileExec3206517134.dir/link.txt --verbose=1
/usr/bin/gcc     -DCHECK_FUNCTION_EXISTS=XOpenDisplay    CMakeFiles/cmTryCompileExec3206517134.dir/CheckFunctionExists.c.o  -o cmTryCompileExec3206517134 -rdynamic -lX11 -lXext 
make[1]: quittant le répertoire « /auto/x/xuazhang/2A/IN203/TP-n-4/freeglut-3.0.0/CMakeFiles/CMakeTmp »


Determining if the function gethostbyname exists passed with the following output:
Change Dir: /auto/x/xuazhang/2A/IN203/TP-n-4/freeglut-3.0.0/CMakeFiles/CMakeTmp

Run Build Command:/usr/bin/make "cmTryCompileExec2382827814/fast"
/usr/bin/make -f CMakeFiles/cmTryCompileExec2382827814.dir/build.make CMakeFiles/cmTryCompileExec2382827814.dir/build
make[1]: entrant dans le répertoire « /auto/x/xuazhang/2A/IN203/TP-n-4/freeglut-3.0.0/CMakeFiles/CMakeTmp »
/usr/bin/cmake -E cmake_progress_report /auto/x/xuazhang/2A/IN203/TP-n-4/freeglut-3.0.0/CMakeFiles/CMakeTmp/CMakeFiles 1
Building C object CMakeFiles/cmTryCompileExec2382827814.dir/CheckFunctionExists.c.o
/usr/bin/gcc   -DCHECK_FUNCTION_EXISTS=gethostbyname   -o CMakeFiles/cmTryCompileExec2382827814.dir/CheckFunctionExists.c.o   -c /usr/share/cmake-2.8/Modules/CheckFunctionExists.c
Linking C executable cmTryCompileExec2382827814
/usr/bin/cmake -E cmake_link_script CMakeFiles/cmTryCompileExec2382827814.dir/link.txt --verbose=1
/usr/bin/gcc     -DCHECK_FUNCTION_EXISTS=gethostbyname    CMakeFiles/cmTryCompileExec2382827814.dir/CheckFunctionExists.c.o  -o cmTryCompileExec2382827814 -rdynamic 
make[1]: quittant le répertoire « /auto/x/xuazhang/2A/IN203/TP-n-4/freeglut-3.0.0/CMakeFiles/CMakeTmp »


Determining if the function connect exists passed with the following output:
Change Dir: /auto/x/xuazhang/2A/IN203/TP-n-4/freeglut-3.0.0/CMakeFiles/CMakeTmp

Run Build Command:/usr/bin/make "cmTryCompileExec1868781319/fast"
/usr/bin/make -f CMakeFiles/cmTryCompileExec1868781319.dir/build.make CMakeFiles/cmTryCompileExec1868781319.dir/build
make[1]: entrant dans le répertoire « /auto/x/xuazhang/2A/IN203/TP-n-4/freeglut-3.0.0/CMakeFiles/CMakeTmp »
/usr/bin/cmake -E cmake_progress_report /auto/x/xuazhang/2A/IN203/TP-n-4/freeglut-3.0.0/CMakeFiles/CMakeTmp/CMakeFiles 1
Building C object CMakeFiles/cmTryCompileExec1868781319.dir/CheckFunctionExists.c.o
/usr/bin/gcc   -DCHECK_FUNCTION_EXISTS=connect   -o CMakeFiles/cmTryCompileExec1868781319.dir/CheckFunctionExists.c.o   -c /usr/share/cmake-2.8/Modules/CheckFunctionExists.c
Linking C executable cmTryCompileExec1868781319
/usr/bin/cmake -E cmake_link_script CMakeFiles/cmTryCompileExec1868781319.dir/link.txt --verbose=1
/usr/bin/gcc     -DCHECK_FUNCTION_EXISTS=connect    CMakeFiles/cmTryCompileExec1868781319.dir/CheckFunctionExists.c.o  -o cmTryCompileExec1868781319 -rdynamic 
make[1]: quittant le répertoire « /auto/x/xuazhang/2A/IN203/TP-n-4/freeglut-3.0.0/CMakeFiles/CMakeTmp »


Determining if the function remove exists passed with the following output:
Change Dir: /auto/x/xuazhang/2A/IN203/TP-n-4/freeglut-3.0.0/CMakeFiles/CMakeTmp

Run Build Command:/usr/bin/make "cmTryCompileExec3785962293/fast"
/usr/bin/make -f CMakeFiles/cmTryCompileExec3785962293.dir/build.make CMakeFiles/cmTryCompileExec3785962293.dir/build
make[1]: entrant dans le répertoire « /auto/x/xuazhang/2A/IN203/TP-n-4/freeglut-3.0.0/CMakeFiles/CMakeTmp »
/usr/bin/cmake -E cmake_progress_report /auto/x/xuazhang/2A/IN203/TP-n-4/freeglut-3.0.0/CMakeFiles/CMakeTmp/CMakeFiles 1
Building C object CMakeFiles/cmTryCompileExec3785962293.dir/CheckFunctionExists.c.o
/usr/bin/gcc   -DCHECK_FUNCTION_EXISTS=remove   -o CMakeFiles/cmTryCompileExec3785962293.dir/CheckFunctionExists.c.o   -c /usr/share/cmake-2.8/Modules/CheckFunctionExists.c
Linking C executable cmTryCompileExec3785962293
/usr/bin/cmake -E cmake_link_script CMakeFiles/cmTryCompileExec3785962293.dir/link.txt --verbose=1
/usr/bin/gcc     -DCHECK_FUNCTION_EXISTS=remove    CMakeFiles/cmTryCompileExec3785962293.dir/CheckFunctionExists.c.o  -o cmTryCompileExec3785962293 -rdynamic 
make[1]: quittant le répertoire « /auto/x/xuazhang/2A/IN203/TP-n-4/freeglut-3.0.0/CMakeFiles/CMakeTmp »


Determining if the function shmat exists passed with the following output:
Change Dir: /auto/x/xuazhang/2A/IN203/TP-n-4/freeglut-3.0.0/CMakeFiles/CMakeTmp

Run Build Command:/usr/bin/make "cmTryCompileExec1195886702/fast"
/usr/bin/make -f CMakeFiles/cmTryCompileExec1195886702.dir/build.make CMakeFiles/cmTryCompileExec1195886702.dir/build
make[1]: entrant dans le répertoire « /auto/x/xuazhang/2A/IN203/TP-n-4/freeglut-3.0.0/CMakeFiles/CMakeTmp »
/usr/bin/cmake -E cmake_progress_report /auto/x/xuazhang/2A/IN203/TP-n-4/freeglut-3.0.0/CMakeFiles/CMakeTmp/CMakeFiles 1
Building C object CMakeFiles/cmTryCompileExec1195886702.dir/CheckFunctionExists.c.o
/usr/bin/gcc   -DCHECK_FUNCTION_EXISTS=shmat   -o CMakeFiles/cmTryCompileExec1195886702.dir/CheckFunctionExists.c.o   -c /usr/share/cmake-2.8/Modules/CheckFunctionExists.c
Linking C executable cmTryCompileExec1195886702
/usr/bin/cmake -E cmake_link_script CMakeFiles/cmTryCompileExec1195886702.dir/link.txt --verbose=1
/usr/bin/gcc     -DCHECK_FUNCTION_EXISTS=shmat    CMakeFiles/cmTryCompileExec1195886702.dir/CheckFunctionExists.c.o  -o cmTryCompileExec1195886702 -rdynamic 
make[1]: quittant le répertoire « /auto/x/xuazhang/2A/IN203/TP-n-4/freeglut-3.0.0/CMakeFiles/CMakeTmp »


Determining if the function IceConnectionNumber exists in the ICE passed with the following output:
Change Dir: /auto/x/xuazhang/2A/IN203/TP-n-4/freeglut-3.0.0/CMakeFiles/CMakeTmp

Run Build Command:/usr/bin/make "cmTryCompileExec2870361292/fast"
/usr/bin/make -f CMakeFiles/cmTryCompileExec2870361292.dir/build.make CMakeFiles/cmTryCompileExec2870361292.dir/build
make[1]: entrant dans le répertoire « /auto/x/xuazhang/2A/IN203/TP-n-4/freeglut-3.0.0/CMakeFiles/CMakeTmp »
/usr/bin/cmake -E cmake_progress_report /auto/x/xuazhang/2A/IN203/TP-n-4/freeglut-3.0.0/CMakeFiles/CMakeTmp/CMakeFiles 1
Building C object CMakeFiles/cmTryCompileExec2870361292.dir/CheckFunctionExists.c.o
/usr/bin/gcc   -DCHECK_FUNCTION_EXISTS=IceConnectionNumber   -o CMakeFiles/cmTryCompileExec2870361292.dir/CheckFunctionExists.c.o   -c /usr/share/cmake-2.8/Modules/CheckFunctionExists.c
Linking C executable cmTryCompileExec2870361292
/usr/bin/cmake -E cmake_link_script CMakeFiles/cmTryCompileExec2870361292.dir/link.txt --verbose=1
/usr/bin/gcc     -DCHECK_FUNCTION_EXISTS=IceConnectionNumber    CMakeFiles/cmTryCompileExec2870361292.dir/CheckFunctionExists.c.o  -o cmTryCompileExec2870361292 -rdynamic -lICE 
make[1]: quittant le répertoire « /auto/x/xuazhang/2A/IN203/TP-n-4/freeglut-3.0.0/CMakeFiles/CMakeTmp »


Determining if files /usr/include/X11/extensions/XInput2.h exist passed with the following output:
Change Dir: /auto/x/xuazhang/2A/IN203/TP-n-4/freeglut-3.0.0/CMakeFiles/CMakeTmp

Run Build Command:/usr/bin/make "cmTryCompileExec3785652622/fast"
/usr/bin/make -f CMakeFiles/cmTryCompileExec3785652622.dir/build.make CMakeFiles/cmTryCompileExec3785652622.dir/build
make[1]: entrant dans le répertoire « /auto/x/xuazhang/2A/IN203/TP-n-4/freeglut-3.0.0/CMakeFiles/CMakeTmp »
/usr/bin/cmake -E cmake_progress_report /auto/x/xuazhang/2A/IN203/TP-n-4/freeglut-3.0.0/CMakeFiles/CMakeTmp/CMakeFiles 1
Building C object CMakeFiles/cmTryCompileExec3785652622.dir/CheckIncludeFiles.c.o
/usr/bin/gcc   -Wall -pedantic     -o CMakeFiles/cmTryCompileExec3785652622.dir/CheckIncludeFiles.c.o   -c /auto/x/xuazhang/2A/IN203/TP-n-4/freeglut-3.0.0/CMakeFiles/CMakeTmp/CheckIncludeFiles.c
Linking C executable cmTryCompileExec3785652622
/usr/bin/cmake -E cmake_link_script CMakeFiles/cmTryCompileExec3785652622.dir/link.txt --verbose=1
/usr/bin/gcc    -Wall -pedantic      CMakeFiles/cmTryCompileExec3785652622.dir/CheckIncludeFiles.c.o  -o cmTryCompileExec3785652622 -rdynamic 
make[1]: quittant le répertoire « /auto/x/xuazhang/2A/IN203/TP-n-4/freeglut-3.0.0/CMakeFiles/CMakeTmp »


Determining if files sys/types.h exist passed with the following output:
Change Dir: /auto/x/xuazhang/2A/IN203/TP-n-4/freeglut-3.0.0/CMakeFiles/CMakeTmp

Run Build Command:/usr/bin/make "cmTryCompileExec691829962/fast"
/usr/bin/make -f CMakeFiles/cmTryCompileExec691829962.dir/build.make CMakeFiles/cmTryCompileExec691829962.dir/build
make[1]: entrant dans le répertoire « /auto/x/xuazhang/2A/IN203/TP-n-4/freeglut-3.0.0/CMakeFiles/CMakeTmp »
/usr/bin/cmake -E cmake_progress_report /auto/x/xuazhang/2A/IN203/TP-n-4/freeglut-3.0.0/CMakeFiles/CMakeTmp/CMakeFiles 1
Building C object CMakeFiles/cmTryCompileExec691829962.dir/CheckIncludeFiles.c.o
/usr/bin/gcc   -Wall -pedantic     -o CMakeFiles/cmTryCompileExec691829962.dir/CheckIncludeFiles.c.o   -c /auto/x/xuazhang/2A/IN203/TP-n-4/freeglut-3.0.0/CMakeFiles/CMakeTmp/CheckIncludeFiles.c
Linking C executable cmTryCompileExec691829962
/usr/bin/cmake -E cmake_link_script CMakeFiles/cmTryCompileExec691829962.dir/link.txt --verbose=1
/usr/bin/gcc    -Wall -pedantic      CMakeFiles/cmTryCompileExec691829962.dir/CheckIncludeFiles.c.o  -o cmTryCompileExec691829962 -rdynamic 
make[1]: quittant le répertoire « /auto/x/xuazhang/2A/IN203/TP-n-4/freeglut-3.0.0/CMakeFiles/CMakeTmp »


Determining if files unistd.h exist passed with the following output:
Change Dir: /auto/x/xuazhang/2A/IN203/TP-n-4/freeglut-3.0.0/CMakeFiles/CMakeTmp

Run Build Command:/usr/bin/make "cmTryCompileExec319255797/fast"
/usr/bin/make -f CMakeFiles/cmTryCompileExec319255797.dir/build.make CMakeFiles/cmTryCompileExec319255797.dir/build
make[1]: entrant dans le répertoire « /auto/x/xuazhang/2A/IN203/TP-n-4/freeglut-3.0.0/CMakeFiles/CMakeTmp »
/usr/bin/cmake -E cmake_progress_report /auto/x/xuazhang/2A/IN203/TP-n-4/freeglut-3.0.0/CMakeFiles/CMakeTmp/CMakeFiles 1
Building C object CMakeFiles/cmTryCompileExec319255797.dir/CheckIncludeFiles.c.o
/usr/bin/gcc   -Wall -pedantic     -o CMakeFiles/cmTryCompileExec319255797.dir/CheckIncludeFiles.c.o   -c /auto/x/xuazhang/2A/IN203/TP-n-4/freeglut-3.0.0/CMakeFiles/CMakeTmp/CheckIncludeFiles.c
Linking C executable cmTryCompileExec319255797
/usr/bin/cmake -E cmake_link_script CMakeFiles/cmTryCompileExec319255797.dir/link.txt --verbose=1
/usr/bin/gcc    -Wall -pedantic      CMakeFiles/cmTryCompileExec319255797.dir/CheckIncludeFiles.c.o  -o cmTryCompileExec319255797 -rdynamic 
make[1]: quittant le répertoire « /auto/x/xuazhang/2A/IN203/TP-n-4/freeglut-3.0.0/CMakeFiles/CMakeTmp »


Determining if files sys/time.h exist passed with the following output:
Change Dir: /auto/x/xuazhang/2A/IN203/TP-n-4/freeglut-3.0.0/CMakeFiles/CMakeTmp

Run Build Command:/usr/bin/make "cmTryCompileExec2313052220/fast"
/usr/bin/make -f CMakeFiles/cmTryCompileExec2313052220.dir/build.make CMakeFiles/cmTryCompileExec2313052220.dir/build
make[1]: entrant dans le répertoire « /auto/x/xuazhang/2A/IN203/TP-n-4/freeglut-3.0.0/CMakeFiles/CMakeTmp »
/usr/bin/cmake -E cmake_progress_report /auto/x/xuazhang/2A/IN203/TP-n-4/freeglut-3.0.0/CMakeFiles/CMakeTmp/CMakeFiles 1
Building C object CMakeFiles/cmTryCompileExec2313052220.dir/CheckIncludeFiles.c.o
/usr/bin/gcc   -Wall -pedantic     -o CMakeFiles/cmTryCompileExec2313052220.dir/CheckIncludeFiles.c.o   -c /auto/x/xuazhang/2A/IN203/TP-n-4/freeglut-3.0.0/CMakeFiles/CMakeTmp/CheckIncludeFiles.c
Linking C executable cmTryCompileExec2313052220
/usr/bin/cmake -E cmake_link_script CMakeFiles/cmTryCompileExec2313052220.dir/link.txt --verbose=1
/usr/bin/gcc    -Wall -pedantic      CMakeFiles/cmTryCompileExec2313052220.dir/CheckIncludeFiles.c.o  -o cmTryCompileExec2313052220 -rdynamic 
make[1]: quittant le répertoire « /auto/x/xuazhang/2A/IN203/TP-n-4/freeglut-3.0.0/CMakeFiles/CMakeTmp »


Determining if files stdbool.h exist passed with the following output:
Change Dir: /auto/x/xuazhang/2A/IN203/TP-n-4/freeglut-3.0.0/CMakeFiles/CMakeTmp

Run Build Command:/usr/bin/make "cmTryCompileExec986864211/fast"
/usr/bin/make -f CMakeFiles/cmTryCompileExec986864211.dir/build.make CMakeFiles/cmTryCompileExec986864211.dir/build
make[1]: entrant dans le répertoire « /auto/x/xuazhang/2A/IN203/TP-n-4/freeglut-3.0.0/CMakeFiles/CMakeTmp »
/usr/bin/cmake -E cmake_progress_report /auto/x/xuazhang/2A/IN203/TP-n-4/freeglut-3.0.0/CMakeFiles/CMakeTmp/CMakeFiles 1
Building C object CMakeFiles/cmTryCompileExec986864211.dir/CheckIncludeFiles.c.o
/usr/bin/gcc   -Wall -pedantic     -o CMakeFiles/cmTryCompileExec986864211.dir/CheckIncludeFiles.c.o   -c /auto/x/xuazhang/2A/IN203/TP-n-4/freeglut-3.0.0/CMakeFiles/CMakeTmp/CheckIncludeFiles.c
Linking C executable cmTryCompileExec986864211
/usr/bin/cmake -E cmake_link_script CMakeFiles/cmTryCompileExec986864211.dir/link.txt --verbose=1
/usr/bin/gcc    -Wall -pedantic      CMakeFiles/cmTryCompileExec986864211.dir/CheckIncludeFiles.c.o  -o cmTryCompileExec986864211 -rdynamic 
make[1]: quittant le répertoire « /auto/x/xuazhang/2A/IN203/TP-n-4/freeglut-3.0.0/CMakeFiles/CMakeTmp »


Determining if files sys/param.h exist passed with the following output:
Change Dir: /auto/x/xuazhang/2A/IN203/TP-n-4/freeglut-3.0.0/CMakeFiles/CMakeTmp

Run Build Command:/usr/bin/make "cmTryCompileExec527172603/fast"
/usr/bin/make -f CMakeFiles/cmTryCompileExec527172603.dir/build.make CMakeFiles/cmTryCompileExec527172603.dir/build
make[1]: entrant dans le répertoire « /auto/x/xuazhang/2A/IN203/TP-n-4/freeglut-3.0.0/CMakeFiles/CMakeTmp »
/usr/bin/cmake -E cmake_progress_report /auto/x/xuazhang/2A/IN203/TP-n-4/freeglut-3.0.0/CMakeFiles/CMakeTmp/CMakeFiles 1
Building C object CMakeFiles/cmTryCompileExec527172603.dir/CheckIncludeFiles.c.o
/usr/bin/gcc   -Wall -pedantic     -o CMakeFiles/cmTryCompileExec527172603.dir/CheckIncludeFiles.c.o   -c /auto/x/xuazhang/2A/IN203/TP-n-4/freeglut-3.0.0/CMakeFiles/CMakeTmp/CheckIncludeFiles.c
Linking C executable cmTryCompileExec527172603
/usr/bin/cmake -E cmake_link_script CMakeFiles/cmTryCompileExec527172603.dir/link.txt --verbose=1
/usr/bin/gcc    -Wall -pedantic      CMakeFiles/cmTryCompileExec527172603.dir/CheckIncludeFiles.c.o  -o cmTryCompileExec527172603 -rdynamic 
make[1]: quittant le répertoire « /auto/x/xuazhang/2A/IN203/TP-n-4/freeglut-3.0.0/CMakeFiles/CMakeTmp »


Determining if files sys/ioctl.h exist passed with the following output:
Change Dir: /auto/x/xuazhang/2A/IN203/TP-n-4/freeglut-3.0.0/CMakeFiles/CMakeTmp

Run Build Command:/usr/bin/make "cmTryCompileExec3797883848/fast"
/usr/bin/make -f CMakeFiles/cmTryCompileExec3797883848.dir/build.make CMakeFiles/cmTryCompileExec3797883848.dir/build
make[1]: entrant dans le répertoire « /auto/x/xuazhang/2A/IN203/TP-n-4/freeglut-3.0.0/CMakeFiles/CMakeTmp »
/usr/bin/cmake -E cmake_progress_report /auto/x/xuazhang/2A/IN203/TP-n-4/freeglut-3.0.0/CMakeFiles/CMakeTmp/CMakeFiles 1
Building C object CMakeFiles/cmTryCompileExec3797883848.dir/CheckIncludeFiles.c.o
/usr/bin/gcc   -Wall -pedantic     -o CMakeFiles/cmTryCompileExec3797883848.dir/CheckIncludeFiles.c.o   -c /auto/x/xuazhang/2A/IN203/TP-n-4/freeglut-3.0.0/CMakeFiles/CMakeTmp/CheckIncludeFiles.c
Linking C executable cmTryCompileExec3797883848
/usr/bin/cmake -E cmake_link_script CMakeFiles/cmTryCompileExec3797883848.dir/link.txt --verbose=1
/usr/bin/gcc    -Wall -pedantic      CMakeFiles/cmTryCompileExec3797883848.dir/CheckIncludeFiles.c.o  -o cmTryCompileExec3797883848 -rdynamic 
make[1]: quittant le répertoire « /auto/x/xuazhang/2A/IN203/TP-n-4/freeglut-3.0.0/CMakeFiles/CMakeTmp »


Determining if files fcntl.h exist passed with the following output:
Change Dir: /auto/x/xuazhang/2A/IN203/TP-n-4/freeglut-3.0.0/CMakeFiles/CMakeTmp

Run Build Command:/usr/bin/make "cmTryCompileExec1621064156/fast"
/usr/bin/make -f CMakeFiles/cmTryCompileExec1621064156.dir/build.make CMakeFiles/cmTryCompileExec1621064156.dir/build
make[1]: entrant dans le répertoire « /auto/x/xuazhang/2A/IN203/TP-n-4/freeglut-3.0.0/CMakeFiles/CMakeTmp »
/usr/bin/cmake -E cmake_progress_report /auto/x/xuazhang/2A/IN203/TP-n-4/freeglut-3.0.0/CMakeFiles/CMakeTmp/CMakeFiles 1
Building C object CMakeFiles/cmTryCompileExec1621064156.dir/CheckIncludeFiles.c.o
/usr/bin/gcc   -Wall -pedantic     -o CMakeFiles/cmTryCompileExec1621064156.dir/CheckIncludeFiles.c.o   -c /auto/x/xuazhang/2A/IN203/TP-n-4/freeglut-3.0.0/CMakeFiles/CMakeTmp/CheckIncludeFiles.c
Linking C executable cmTryCompileExec1621064156
/usr/bin/cmake -E cmake_link_script CMakeFiles/cmTryCompileExec1621064156.dir/link.txt --verbose=1
/usr/bin/gcc    -Wall -pedantic      CMakeFiles/cmTryCompileExec1621064156.dir/CheckIncludeFiles.c.o  -o cmTryCompileExec1621064156 -rdynamic 
make[1]: quittant le répertoire « /auto/x/xuazhang/2A/IN203/TP-n-4/freeglut-3.0.0/CMakeFiles/CMakeTmp »


Determining if the function gettimeofday exists passed with the following output:
Change Dir: /auto/x/xuazhang/2A/IN203/TP-n-4/freeglut-3.0.0/CMakeFiles/CMakeTmp

Run Build Command:/usr/bin/make "cmTryCompileExec2804495783/fast"
/usr/bin/make -f CMakeFiles/cmTryCompileExec2804495783.dir/build.make CMakeFiles/cmTryCompileExec2804495783.dir/build
make[1]: entrant dans le répertoire « /auto/x/xuazhang/2A/IN203/TP-n-4/freeglut-3.0.0/CMakeFiles/CMakeTmp »
/usr/bin/cmake -E cmake_progress_report /auto/x/xuazhang/2A/IN203/TP-n-4/freeglut-3.0.0/CMakeFiles/CMakeTmp/CMakeFiles 1
Building C object CMakeFiles/cmTryCompileExec2804495783.dir/CheckFunctionExists.c.o
/usr/bin/gcc   -Wall -pedantic  -DCHECK_FUNCTION_EXISTS=gettimeofday   -o CMakeFiles/cmTryCompileExec2804495783.dir/CheckFunctionExists.c.o   -c /usr/share/cmake-2.8/Modules/CheckFunctionExists.c
Linking C executable cmTryCompileExec2804495783
/usr/bin/cmake -E cmake_link_script CMakeFiles/cmTryCompileExec2804495783.dir/link.txt --verbose=1
/usr/bin/gcc    -Wall -pedantic  -DCHECK_FUNCTION_EXISTS=gettimeofday    CMakeFiles/cmTryCompileExec2804495783.dir/CheckFunctionExists.c.o  -o cmTryCompileExec2804495783 -rdynamic -lm 
make[1]: quittant le répertoire « /auto/x/xuazhang/2A/IN203/TP-n-4/freeglut-3.0.0/CMakeFiles/CMakeTmp »


Determining if files stdint.h exist passed with the following output:
Change Dir: /auto/x/xuazhang/2A/IN203/TP-n-4/freeglut-3.0.0/CMakeFiles/CMakeTmp

Run Build Command:/usr/bin/make "cmTryCompileExec4004744006/fast"
/usr/bin/make -f CMakeFiles/cmTryCompileExec4004744006.dir/build.make CMakeFiles/cmTryCompileExec4004744006.dir/build
make[1]: entrant dans le répertoire « /auto/x/xuazhang/2A/IN203/TP-n-4/freeglut-3.0.0/CMakeFiles/CMakeTmp »
/usr/bin/cmake -E cmake_progress_report /auto/x/xuazhang/2A/IN203/TP-n-4/freeglut-3.0.0/CMakeFiles/CMakeTmp/CMakeFiles 1
Building C object CMakeFiles/cmTryCompileExec4004744006.dir/CheckIncludeFiles.c.o
/usr/bin/gcc   -Wall -pedantic     -o CMakeFiles/cmTryCompileExec4004744006.dir/CheckIncludeFiles.c.o   -c /auto/x/xuazhang/2A/IN203/TP-n-4/freeglut-3.0.0/CMakeFiles/CMakeTmp/CheckIncludeFiles.c
Linking C executable cmTryCompileExec4004744006
/usr/bin/cmake -E cmake_link_script CMakeFiles/cmTryCompileExec4004744006.dir/link.txt --verbose=1
/usr/bin/gcc    -Wall -pedantic      CMakeFiles/cmTryCompileExec4004744006.dir/CheckIncludeFiles.c.o  -o cmTryCompileExec4004744006 -rdynamic 
make[1]: quittant le répertoire « /auto/x/xuazhang/2A/IN203/TP-n-4/freeglut-3.0.0/CMakeFiles/CMakeTmp »


Determining if files inttypes.h exist passed with the following output:
Change Dir: /auto/x/xuazhang/2A/IN203/TP-n-4/freeglut-3.0.0/CMakeFiles/CMakeTmp

Run Build Command:/usr/bin/make "cmTryCompileExec2585746164/fast"
/usr/bin/make -f CMakeFiles/cmTryCompileExec2585746164.dir/build.make CMakeFiles/cmTryCompileExec2585746164.dir/build
make[1]: entrant dans le répertoire « /auto/x/xuazhang/2A/IN203/TP-n-4/freeglut-3.0.0/CMakeFiles/CMakeTmp »
/usr/bin/cmake -E cmake_progress_report /auto/x/xuazhang/2A/IN203/TP-n-4/freeglut-3.0.0/CMakeFiles/CMakeTmp/CMakeFiles 1
Building C object CMakeFiles/cmTryCompileExec2585746164.dir/CheckIncludeFiles.c.o
/usr/bin/gcc   -Wall -pedantic     -o CMakeFiles/cmTryCompileExec2585746164.dir/CheckIncludeFiles.c.o   -c /auto/x/xuazhang/2A/IN203/TP-n-4/freeglut-3.0.0/CMakeFiles/CMakeTmp/CheckIncludeFiles.c
Linking C executable cmTryCompileExec2585746164
/usr/bin/cmake -E cmake_link_script CMakeFiles/cmTryCompileExec2585746164.dir/link.txt --verbose=1
/usr/bin/gcc    -Wall -pedantic      CMakeFiles/cmTryCompileExec2585746164.dir/CheckIncludeFiles.c.o  -o cmTryCompileExec2585746164 -rdynamic 
make[1]: quittant le répertoire « /auto/x/xuazhang/2A/IN203/TP-n-4/freeglut-3.0.0/CMakeFiles/CMakeTmp »


