Determining if files usbhid.h exist failed with the following output:
Change Dir: /auto/x/xuazhang/2A/IN203/TP-n-4/freeglut-3.0.0/CMakeFiles/CMakeTmp

Run Build Command:/usr/bin/make "cmTryCompileExec262568688/fast"
/usr/bin/make -f CMakeFiles/cmTryCompileExec262568688.dir/build.make CMakeFiles/cmTryCompileExec262568688.dir/build
make[1]: entrant dans le répertoire « /auto/x/xuazhang/2A/IN203/TP-n-4/freeglut-3.0.0/CMakeFiles/CMakeTmp »
/usr/bin/cmake -E cmake_progress_report /auto/x/xuazhang/2A/IN203/TP-n-4/freeglut-3.0.0/CMakeFiles/CMakeTmp/CMakeFiles 1
Building C object CMakeFiles/cmTryCompileExec262568688.dir/CheckIncludeFiles.c.o
/usr/bin/gcc   -Wall -pedantic     -o CMakeFiles/cmTryCompileExec262568688.dir/CheckIncludeFiles.c.o   -c /auto/x/xuazhang/2A/IN203/TP-n-4/freeglut-3.0.0/CMakeFiles/CMakeTmp/CheckIncludeFiles.c
/auto/x/xuazhang/2A/IN203/TP-n-4/freeglut-3.0.0/CMakeFiles/CMakeTmp/CheckIncludeFiles.c:2:20: fatal error: usbhid.h: Aucun fichier ou dossier de ce type
compilation terminated.
make[1]: quittant le répertoire « /auto/x/xuazhang/2A/IN203/TP-n-4/freeglut-3.0.0/CMakeFiles/CMakeTmp »
make[1]: *** [CMakeFiles/cmTryCompileExec262568688.dir/CheckIncludeFiles.c.o] Erreur 1
make: *** [cmTryCompileExec262568688/fast] Erreur 2

Source:
/* */
#include <usbhid.h>


int main(){return 0;}

Determining if the function XParseGeometry exists failed with the following output:
Change Dir: /auto/x/xuazhang/2A/IN203/TP-n-4/freeglut-3.0.0/CMakeFiles/CMakeTmp

Run Build Command:/usr/bin/make "cmTryCompileExec1245387517/fast"
/usr/bin/make -f CMakeFiles/cmTryCompileExec1245387517.dir/build.make CMakeFiles/cmTryCompileExec1245387517.dir/build
make[1]: entrant dans le répertoire « /auto/x/xuazhang/2A/IN203/TP-n-4/freeglut-3.0.0/CMakeFiles/CMakeTmp »
/usr/bin/cmake -E cmake_progress_report /auto/x/xuazhang/2A/IN203/TP-n-4/freeglut-3.0.0/CMakeFiles/CMakeTmp/CMakeFiles 1
Building C object CMakeFiles/cmTryCompileExec1245387517.dir/CheckFunctionExists.c.o
/usr/bin/gcc   -Wall -pedantic  -DCHECK_FUNCTION_EXISTS=XParseGeometry   -o CMakeFiles/cmTryCompileExec1245387517.dir/CheckFunctionExists.c.o   -c /usr/share/cmake-2.8/Modules/CheckFunctionExists.c
Linking C executable cmTryCompileExec1245387517
/usr/bin/cmake -E cmake_link_script CMakeFiles/cmTryCompileExec1245387517.dir/link.txt --verbose=1
/usr/bin/gcc    -Wall -pedantic  -DCHECK_FUNCTION_EXISTS=XParseGeometry    CMakeFiles/cmTryCompileExec1245387517.dir/CheckFunctionExists.c.o  -o cmTryCompileExec1245387517 -rdynamic -lm 
CMakeFiles/cmTryCompileExec1245387517.dir/CheckFunctionExists.c.o: In function `main':
CheckFunctionExists.c:(.text+0x15): undefined reference to `XParseGeometry'
collect2: error: ld returned 1 exit status
make[1]: *** [cmTryCompileExec1245387517] Erreur 1
make[1]: quittant le répertoire « /auto/x/xuazhang/2A/IN203/TP-n-4/freeglut-3.0.0/CMakeFiles/CMakeTmp »
make: *** [cmTryCompileExec1245387517/fast] Erreur 2


